[10/18/18, 16:55:46:806] info: ╔═════════════════════════════════════════════════════════════════════════════════╗
[10/18/18, 16:55:46:807] info: ║      Slack 3.3.3, linux 4.15.0-36-generic on x64 at 10/18/18, 16:55:46:804      ║
[10/18/18, 16:55:46:807] info: ╚═════════════════════════════════════════════════════════════════════════════════╝
[10/18/18, 16:55:46:892] info: Initializing local storage instance at path: /home/enxajt/.config/Slack/local-settings.json
[10/18/18, 16:55:47:388] info: Store: BACKGROUND_CLIENTS_INITIALIZED
[10/18/18, 16:55:47:391] info: Store: BACKGROUND_CLIENTS_INITIALIZED true
[10/18/18, 16:55:48:281] info: Store: SET_NETWORK_STATUS online
[10/18/18, 16:55:48:283] info: Store: MAIN_WINDOW_SHOWN
[10/18/18, 16:55:48:314] info: Store: ADD_WINDOW
{
  "id": 3,
  "type": "sign-in"
}
[03/31/19, 18:17:43:083] info: ╔═════════════════════════════════════════════════════════════════════════════════╗
[03/31/19, 18:17:43:084] info: ║      Slack 3.3.8, linux 4.15.0-29-generic on x64 at 03/31/19, 18:17:43:082      ║
[03/31/19, 18:17:43:084] info: ╚═════════════════════════════════════════════════════════════════════════════════╝
[03/31/19, 18:17:43:140] info: Initializing local storage instance at path: /home/enxajt/.config/Slack/local-settings.json
[03/31/19, 18:17:43:147] info: TranslationLookup: locale set to ja-JP for renderer
[03/31/19, 18:17:43:544] info: Store: BACKGROUND_CLIENTS_INITIALIZED
[03/31/19, 18:17:43:600] info: Store: BACKGROUND_CLIENTS_INITIALIZED true
[03/31/19, 18:17:44:151] info: Store: SET_NETWORK_STATUS online
[03/31/19, 18:17:44:399] info: Store: UPSERT_WEB_CONTENTS
{
  "id": 5,
  "state": "loaded",
  "teamId": "TBJMSNACR"
}
[03/31/19, 18:17:44:401] info: Store: UPSERT_WEB_CONTENTS
{
  "id": 5,
  "state": "page-will-navigate",
  "teamId": "TBJMSNACR"
}
[03/31/19, 18:17:44:748] info: Store: UPDATE_SESSION_STATUS
{
  "hasValidSession": false,
  "teamId": "TBJMSNACR"
}
[03/31/19, 18:17:45:448] info: Store: UPSERT_WEB_CONTENTS
{
  "id": 3,
  "state": "loaded",
  "teamId": "T5LA2J7CZ"
}
[03/31/19, 18:17:45:455] info: Store: MAIN_WINDOW_SHOWN
[03/31/19, 18:17:45:472] info: Store: UPSERT_WEB_CONTENTS
{
  "id": 3,
  "state": "page-will-navigate",
  "teamId": "T5LA2J7CZ"
}
