[10/18/18, 17:00:20:194] info: ╔═════════════════════════════════════════════════════════════════════════════════╗
[10/18/18, 17:00:20:194] info: ║      Slack 3.3.3, linux 4.15.0-36-generic on x64 at 10/18/18, 17:00:20:192      ║
[10/18/18, 17:00:20:194] info: ╚═════════════════════════════════════════════════════════════════════════════════╝
[10/18/18, 17:00:20:276] info: Initializing local storage instance at path: /home/enxajt/.config/Slack/local-settings.json
[10/18/18, 17:00:20:576] info: cld3::loadModule: loading cld3 module
[10/18/18, 17:00:20:593] info: cld3Loader::loadModule: running environment is NODE
[10/18/18, 17:00:20:593] info: cld3Loader::loadModule: constructed module object for runtime
[10/18/18, 17:00:20:736] info: cld3Loader::initializeRuntime: successfully initialized module
[10/18/18, 17:00:20:736] info: cld3Loader::loadModule: initialized wasm binary Runtime
[10/18/18, 17:00:20:742] info: SpellChecker:: updateSpellcheckerLanguage: Skip to set new language null, spellchecker is not available
[10/18/18, 17:00:20:742] info: TranslationLookup: locale set to ja-JP for renderer
[10/18/18, 17:00:20:752] info: Main window preload script finished
{
  "readyTime": 738.708645
}
[10/18/18, 17:00:22:863] info: Store: UPSERT_WEB_CONTENTS
{
  "id": 24,
  "state": "loaded",
  "teamId": "TBJMSNACR"
}
[10/18/18, 17:00:23:921] error: Oct-18 17:00:23.921 hmmm, file FCWBAKYTD does not have a known user undefined
[10/18/18, 17:00:23:993] info: Store: UPDATE_SESSION_STATUS
{
  "hasValidSession": true,
  "teamId": "TBJMSNACR"
}
[10/18/18, 17:00:24:526] info: Store: SELECT_CHANNEL CBK54MHPV
[10/18/18, 17:00:24:526] info: Store: UPDATE_TEAM_LOCALE
{
  "locale": "ja-JP",
  "teamId": "TBJMSNACR"
}
[10/18/18, 17:00:24:526] info: Store: UPDATE_TEAM_THEME
{
  "teamId": "TBJMSNACR",
  "theme": {
    "active_item": "#4C9689",
    "active_item_text": "#FFFFFF",
    "active_presence": "#38978D",
    "badge": "#EB4D5C",
    "column_bg": "#4D394B",
    "hover_item": "#3E313C",
    "menu_bg": "#3E313C",
    "text_color": "#FFFFFF"
  }
}
[10/18/18, 17:00:24:745] info: postLoadTaskSetup: Desktop client fully loaded
{
  "loadedTime": 284173.839059
}
[10/18/18, 17:00:24:823] info: Store: UPDATE_TEAM_LOCALE
{
  "locale": "ja-JP",
  "teamId": "TBJMSNACR"
}
[10/18/18, 17:00:24:825] info: Store: UPSERT_WEB_CONTENTS
{
  "id": 24,
  "state": "webapp-loaded",
  "teamId": "TBJMSNACR"
}
[10/18/18, 17:00:24:826] info: Store: UPDATE_SETTINGS
{
  "sandboxSigninWindow": true
}
[10/18/18, 17:00:25:082] info: Store: STORE_ENTERPRISE_ID_PAIR
{
  "enterpriseId": null,
  "teamId": "TBJMSNACR"
}
[10/18/18, 17:00:25:083] info: Store: STORE_API_TOKEN
{
  "teamId": "TBJMSNACR",
  "token": "xoxs-⋯"
}
[10/18/18, 17:00:25:274] info: postLoadTaskSetup: Setup spellchecker
{
  "version": "V1"
}
[10/18/18, 17:00:25:584] info: Raw Locale list: ["C","C.UTF-8","en_AG","en_AG.utf8","en_AU.utf8","en_BW.utf8","en_CA.utf8","en_DK.utf8","en_GB.utf8","en_HK.utf8","en_IE.utf8","en_IN","en_IN.utf8","en_NG","en_NG.utf8","en_NZ.utf8","en_PH.utf8","en_SG.utf8","en_US.utf8","en_ZA.utf8","en_ZM","en_ZM.utf8","en_ZW.utf8","ja_JP.utf8","POSIX",""]
[10/18/18, 17:00:25:584] info: Filtered Locale list: ["en_AG","en_AG","en_AU","en_BW","en_CA","en_DK","en_GB","en_HK","en_IE","en_IN","en_IN","en_NG","en_NG","en_NZ","en_PH","en_SG","en_US","en_ZA","en_ZM","en_ZM","en_ZW","ja_JP"]
[10/18/18, 17:00:25:584] info: Counts: {"en":["en_AG","en_AG","en_AU","en_BW","en_CA","en_DK","en_GB","en_HK","en_IE","en_IN","en_IN","en_NG","en_NG","en_NZ","en_PH","en_SG","en_US","en_ZA","en_ZM","en_ZM","en_ZW"],"ja":["ja_JP"]}
[10/18/18, 17:00:25:584] info: Setting ja
[10/18/18, 17:00:25:585] info: Result: {"ja":"ja-JP","en":"en-US"}
[10/18/18, 17:00:25:586] info: Requesting to load ja-JP, alternatives are ["ja-JP","ja-JP","ja-JP"]
[10/18/18, 17:00:25:587] info: Loading dictionary for language ja-JP
[10/18/18, 17:00:25:587] info: Returning local copy: /home/enxajt/.config/Slack/dictionaries/ja-JP.bdic
[10/18/18, 17:00:25:589] info: Failed to read file /home/enxajt/.config/Slack/dictionaries/ja-JP.bdic: File exists but is most likely bogus
[10/18/18, 17:00:25:589] info: Actually downloading https://redirector.gvt1.com/edgedl/chrome/dict/ja-jp-3-0.bdic
[10/18/18, 17:00:25:675] info: Store: SAVE_WINDOW_SETTINGS
{
  "isMaximized": false,
  "position": [
    2,
    24
  ],
  "size": [
    1916,
    1029
  ]
}
[10/18/18, 17:00:26:205] info: Loading dictionary for language ja-JP
[10/18/18, 17:00:26:206] info: Returning local copy: /home/enxajt/.config/Slack/dictionaries/ja-JP.bdic
[10/18/18, 17:00:26:208] info: Failed to read file /home/enxajt/.config/Slack/dictionaries/ja-JP.bdic: File exists but is most likely bogus
[10/18/18, 17:00:26:209] info: Actually downloading https://redirector.gvt1.com/edgedl/chrome/dict/ja-jp-3-0.bdic
[10/18/18, 17:00:26:409] info: Loading dictionary for language ja-JP
[10/18/18, 17:00:26:410] info: Returning local copy: /home/enxajt/.config/Slack/dictionaries/ja-JP.bdic
[10/18/18, 17:00:26:411] info: Failed to read file /home/enxajt/.config/Slack/dictionaries/ja-JP.bdic: File exists but is most likely bogus
[10/18/18, 17:00:26:411] info: Actually downloading https://redirector.gvt1.com/edgedl/chrome/dict/ja-jp-3-0.bdic
[10/18/18, 17:00:26:455] info: Requesting to load ja-JP, alternatives are ["ja-JP","ja-JP","ja-JP"]
[10/18/18, 17:00:26:456] info: Loading dictionary for language ja-JP
[10/18/18, 17:00:26:456] info: Actually downloading https://redirector.gvt1.com/edgedl/chrome/dict/ja-jp-3-0.bdic
[10/18/18, 17:00:27:761] info: Loading dictionary for language ja-JP
[10/18/18, 17:00:27:762] info: Returning local copy: /home/enxajt/.config/Slack/dictionaries/ja-JP.bdic
[10/18/18, 17:00:27:764] info: Failed to read file /home/enxajt/.config/Slack/dictionaries/ja-JP.bdic: File exists but is most likely bogus
[10/18/18, 17:00:27:764] info: Actually downloading https://redirector.gvt1.com/edgedl/chrome/dict/ja-jp-3-0.bdic
[10/18/18, 17:00:27:984] info: dictionary for ja-JP_ja-JP is not available
[10/18/18, 17:00:27:986] info: Actually installing spell check provider to Electron
[10/18/18, 17:00:28:044] info: Loading dictionary for language ja-JP
[10/18/18, 17:00:28:044] info: Returning local copy: /home/enxajt/.config/Slack/dictionaries/ja-JP.bdic
[10/18/18, 17:00:28:045] info: Failed to read file /home/enxajt/.config/Slack/dictionaries/ja-JP.bdic: File exists but is most likely bogus
[10/18/18, 17:00:28:045] info: Actually downloading https://redirector.gvt1.com/edgedl/chrome/dict/ja-jp-3-0.bdic
[10/18/18, 17:00:28:222] info: dictionary for ja-JP_ja-JP is not available
[10/18/18, 17:00:35:423] info: Unloading spellchecker
[10/18/18, 17:00:35:461] info: Store: MAIN_WINDOW_FOCUSED
[10/18/18, 17:00:35:464] info: Restoring spellchecker
[10/18/18, 17:00:35:465] info: Requesting to load ja-JP, alternatives are ["ja-JP","ja-JP","ja-JP"]
[10/18/18, 17:00:35:465] info: Loading dictionary for language ja-JP
[10/18/18, 17:00:35:466] info: Returning local copy: /home/enxajt/.config/Slack/dictionaries/ja-JP.bdic
[10/18/18, 17:00:35:480] info: Failed to read file /home/enxajt/.config/Slack/dictionaries/ja-JP.bdic: File exists but is most likely bogus
[10/18/18, 17:00:35:480] info: Actually downloading https://redirector.gvt1.com/edgedl/chrome/dict/ja-jp-3-0.bdic
[10/18/18, 17:00:35:524] info: Store: SELECT_TEAM T5LA2J7CZ
[10/18/18, 17:00:35:528] info: Unloading spellchecker
[10/18/18, 17:00:35:536] info: Unloading spellchecker
[10/18/18, 17:00:36:346] info: Loading dictionary for language ja-JP
[10/18/18, 17:00:36:346] info: Returning local copy: /home/enxajt/.config/Slack/dictionaries/ja-JP.bdic
[10/18/18, 17:00:36:348] info: Failed to read file /home/enxajt/.config/Slack/dictionaries/ja-JP.bdic: File exists but is most likely bogus
[10/18/18, 17:00:36:349] info: Actually downloading https://redirector.gvt1.com/edgedl/chrome/dict/ja-jp-3-0.bdic
[10/18/18, 17:00:36:725] info: Loading dictionary for language ja-JP
[10/18/18, 17:00:36:726] info: Returning local copy: /home/enxajt/.config/Slack/dictionaries/ja-JP.bdic
[10/18/18, 17:00:36:728] info: Failed to read file /home/enxajt/.config/Slack/dictionaries/ja-JP.bdic: File exists but is most likely bogus
[10/18/18, 17:00:36:729] info: Actually downloading https://redirector.gvt1.com/edgedl/chrome/dict/ja-jp-3-0.bdic
[10/18/18, 17:00:37:026] info: dictionary for ja-JP_ja-JP is not available
[10/18/18, 17:00:47:671] info: Store: UPDATE_SETTINGS
{
  "hasRunFromTray": true
}
[10/18/18, 17:00:47:681] info: Store: SHOW_TRAY_BALLOON
{
  "content": "通知領域でSlackは常に稼働しています。これを変更したい場合には、環境設定から Linux 版アプリを選択してください。",
  "title": "なぜSlackが閉じてしまったのですか？"
}
[10/18/18, 17:34:59:153] info: Store: NEW_NOTIFICATION
{
  "authorName": "[REDACTED]",
  "avatarImage": "[REDACTED]",
  "channel": "G880VLDQF",
  "channelName": "[REDACTED]",
  "content": "[REDACTED]",
  "id": "nJ2QhGhZDvpyjqm",
  "launchUri": "slack://channel?id=G880VLDQF&message=1539851698.000100&team=T5LA2J7CZ",
  "msg": "[REDACTED]",
  "silent": true,
  "subtitle": "",
  "teamId": "T5LA2J7CZ",
  "title": "[REDACTED]"
}
[10/18/18, 17:37:38:443] info: Store: NEW_NOTIFICATION
{
  "authorName": "[REDACTED]",
  "avatarImage": "[REDACTED]",
  "channel": "G880VLDQF",
  "channelName": "[REDACTED]",
  "content": "[REDACTED]",
  "id": "AORqsZiYDB27n8n",
  "launchUri": "slack://channel?id=G880VLDQF&message=1539851858.000100&team=T5LA2J7CZ",
  "msg": "[REDACTED]",
  "silent": true,
  "subtitle": "",
  "teamId": "T5LA2J7CZ",
  "title": "[REDACTED]"
}
[10/18/18, 17:38:20:018] info: Store: NEW_NOTIFICATION
{
  "authorName": "[REDACTED]",
  "avatarImage": "[REDACTED]",
  "channel": "G880VLDQF",
  "channelName": "[REDACTED]",
  "content": "[REDACTED]",
  "id": "KEgXC8sAR2o6Dlk",
  "launchUri": "slack://channel?id=G880VLDQF&message=1539851899.000100&team=T5LA2J7CZ",
  "msg": "[REDACTED]",
  "silent": true,
  "subtitle": "",
  "teamId": "T5LA2J7CZ",
  "title": "[REDACTED]"
}
[10/18/18, 18:08:33:423] info: Store: NEW_NOTIFICATION
{
  "authorName": "[REDACTED]",
  "avatarImage": "[REDACTED]",
  "channel": "G880VLDQF",
  "channelName": "[REDACTED]",
  "content": "[REDACTED]",
  "id": "PJnmh5tjKmZQjZE",
  "launchUri": "slack://channel?id=G880VLDQF&message=1539853713.000100&team=T5LA2J7CZ",
  "msg": "[REDACTED]",
  "silent": true,
  "subtitle": "",
  "teamId": "T5LA2J7CZ",
  "title": "[REDACTED]"
}
[10/18/18, 20:22:43:569] info: Store: NEW_NOTIFICATION
{
  "authorName": "[REDACTED]",
  "avatarImage": "[REDACTED]",
  "channel": "DCQPZP45R",
  "channelName": "[REDACTED]",
  "content": "[REDACTED]",
  "id": "G883CJhQ9rWmRLg",
  "imageUri": null,
  "launchUri": "slack://channel?id=DCQPZP45R&message=1539861763.000100&team=T913C3A8P",
  "msg": "[REDACTED]",
  "silent": true,
  "subtitle": "",
  "teamId": "T913C3A8P",
  "title": "[REDACTED]"
}
[10/18/18, 20:23:42:820] info: Store: NEW_NOTIFICATION
{
  "authorName": "[REDACTED]",
  "avatarImage": "[REDACTED]",
  "channel": "DCQPZP45R",
  "channelName": "[REDACTED]",
  "content": "[REDACTED]",
  "id": "vZZGCEiAmwE0g2B",
  "imageUri": null,
  "launchUri": "slack://channel?id=DCQPZP45R&message=1539861822.000200&team=T913C3A8P",
  "msg": "[REDACTED]",
  "silent": true,
  "subtitle": "",
  "teamId": "T913C3A8P",
  "title": "[REDACTED]"
}
